<?xml version="1.0" encoding="UTF-8"?>
<!-- Generated by org.testng.reporters.JUnitXMLReporter -->
<testsuite hostname="LT0088970" ignored="0" name="Test" tests="14" failures="1" timestamp="26 Jun 2018 09:28:37 GMT" time="77.532" errors="0">
  <testcase name="hrServicelogoTest" time="0.043" classname="com.form16.qa.testcases.LoginPageTest"/>
  <testcase name="loginPageTitleTest" time="0.009" classname="com.form16.qa.testcases.LoginPageTest"/>
  <testcase name="loginTest" time="0.253" classname="com.form16.qa.testcases.LoginPageTest"/>
  <testcase name="homeLabelTest" time="0.084" classname="com.form16.qa.testcases.HomePageTest"/>
  <testcase name="clickOnServiceTest" time="3.071" classname="com.form16.qa.testcases.HomePageTest"/>
  <testcase name="form16linkTitleTest" time="1.12" classname="com.form16.qa.testcases.HomePageTest"/>
  <testcase name="clickOnForm16Test" time="6.132" classname="com.form16.qa.testcases.HomePageTest"/>
  <testcase name="form16TabTest" time="0.226" classname="com.form16.qa.testcases.Form16PageTest"/>
  <testcase name="policyButtonTest" time="0.915" classname="com.form16.qa.testcases.Form16PageTest"/>
  <testcase name="leftSpinnerTest" time="0.617" classname="com.form16.qa.testcases.Form16PageTest"/>
  <testcase name="rightSpinnerTest" time="1.063" classname="com.form16.qa.testcases.Form16PageTest"/>
  <testcase name="instrcutionTabTest" time="0.403" classname="com.form16.qa.testcases.Form16PageTest"/>
  <testcase name="pdfDownloadTest" time="14.605" classname="com.form16.qa.testcases.Form16PageTest">
    <failure type="java.lang.AssertionError" message=" Verification failed: Expected and Actual result do not matched :  expected [true] but found [false]">
      <![CDATA[java.lang.AssertionError:  Verification failed: Expected and Actual result do not matched :  expected [true] but found [false]
at com.form16.qa.testcases.Form16PageTest.pdfDownloadTest(Form16PageTest.java:103)
... Removed 28 stack frames]]>
    </failure>
  </testcase> <!-- pdfDownloadTest -->
  <testcase name="instructiontabTextTest" time="0.103" classname="com.form16.qa.testcases.Form16PageTest"/>
</testsuite> <!-- Test -->
